  GTS.cpp
c:\vyz\3sem\ая\cpp_rep\ageenko\ageenko\gts.cpp(18): warning C4018: <: несоответствие типов со знаком и без знака
c:\vyz\3sem\ая\cpp_rep\ageenko\ageenko\gts.cpp(26): warning C4018: <: несоответствие типов со знаком и без знака
c:\vyz\3sem\ая\cpp_rep\ageenko\ageenko\gts.cpp(27): warning C4244: инициализация: преобразование "double" в "int", возможна потеря данных
c:\vyz\3sem\ая\cpp_rep\ageenko\ageenko\gts.cpp(28): warning C4018: <: несоответствие типов со знаком и без знака
c:\vyz\3sem\ая\cpp_rep\ageenko\ageenko\gts.cpp(30): warning C4244: =: преобразование "_Ty" в "int", возможна потеря данных
          with
          [
              _Ty=double
          ]
c:\vyz\3sem\ая\cpp_rep\ageenko\ageenko\gts.cpp(36): warning C4018: <: несоответствие типов со знаком и без знака
c:\vyz\3sem\ая\cpp_rep\ageenko\ageenko\gts.cpp(60): warning C4018: <: несоответствие типов со знаком и без знака
c:\vyz\3sem\ая\cpp_rep\ageenko\ageenko\gts.cpp(22): warning C4101: u: неиспользованная локальная переменная
c:\vyz\3sem\ая\cpp_rep\ageenko\ageenko\gts.cpp(236): warning C4018: <: несоответствие типов со знаком и без знака
c:\vyz\3sem\ая\cpp_rep\ageenko\ageenko\gts.cpp(255): warning C4018: <: несоответствие типов со знаком и без знака
c:\vyz\3sem\ая\cpp_rep\ageenko\ageenko\gts.cpp(264): warning C4018: <: несоответствие типов со знаком и без знака
c:\vyz\3sem\ая\cpp_rep\ageenko\ageenko\gts.cpp(339): warning C4244: =: преобразование "_Ty" в "int", возможна потеря данных
          with
          [
              _Ty=double
          ]
c:\vyz\3sem\ая\cpp_rep\ageenko\ageenko\gts.cpp(341): warning C4244: аргумент: преобразование "_Ty" в "const unsigned int", возможна потеря данных
          with
          [
              _Ty=double
          ]
c:\vyz\3sem\ая\cpp_rep\ageenko\ageenko\gts.cpp(343): warning C4244: =: преобразование "_Ty" в "int", возможна потеря данных
          with
          [
              _Ty=double
          ]
c:\vyz\3sem\ая\cpp_rep\ageenko\ageenko\gts.cpp(345): warning C4244: аргумент: преобразование "_Ty" в "const unsigned int", возможна потеря данных
          with
          [
              _Ty=double
          ]
c:\vyz\3sem\ая\cpp_rep\ageenko\ageenko\gts.cpp(346): warning C4244: аргумент: преобразование "_Ty" в "const unsigned int", возможна потеря данных
          with
          [
              _Ty=double
          ]
c:\vyz\3sem\ая\cpp_rep\ageenko\ageenko\gts.cpp(91): warning C4715: GTS::GetCsId: значение возвращается не при всех путях выполнения
  Ageenko.vcxproj -> C:\VYZ\3SEM\АЯ\CPP_rep\Ageenko\Debug\Ageenko.exe
